0 info it worked if it ends with ok
1 verbose cli [ '/usr/local/bin/node',
1 verbose cli   '/usr/local/bin/npm',
1 verbose cli   'version',
1 verbose cli   'patch' ]
2 info using npm@1.4.28
3 info using node@v0.10.32
4 verbose config Skipping project config: /Users/allan.hortle/.npmrc. (matches userconfig)
5 error version No package.json found
6 error Error: ENOENT, open '/Users/allan.hortle/Library/Application Support/Sublime Text 3/Packages/JSX/package.json'
7 error If you need help, you may report this *entire* log,
7 error including the npm and node versions, at:
7 error     <http://github.com/npm/npm/issues>
8 error System Darwin 13.3.0
9 error command "/usr/local/bin/node" "/usr/local/bin/npm" "version" "patch"
10 error cwd /Users/allan.hortle/Library/Application Support/Sublime Text 3/Packages/JSX
11 error node -v v0.10.32
12 error npm -v 1.4.28
13 error path /Users/allan.hortle/Library/Application Support/Sublime Text 3/Packages/JSX/package.json
14 error code ENOENT
15 error errno 34
16 verbose exit [ 34, true ]
